2025-02-05 11:51:32,305 - __main__ - INFO - Configuration loaded successfully
2025-02-05 11:51:40,979 - __main__ - INFO - All extractors initialized successfully
2025-02-05 11:51:40,992 - __main__ - INFO - Starting email processing from directory: data/raw
2025-02-05 11:51:40,993 - __main__ - INFO - Found 0 emails to process
2025-02-05 11:51:40,999 - __main__ - INFO - Results saved successfully to data/processed/email_analysis.csv
2025-02-05 11:51:41,000 - __main__ - INFO - Dashboard launched successfully
2025-02-05 11:58:33,355 - __main__ - INFO - Configuration loaded successfully
2025-02-05 11:58:38,387 - __main__ - INFO - All extractors initialized successfully
2025-02-05 11:58:38,387 - __main__ - INFO - Starting email processing from directory: data/raw
2025-02-05 11:58:38,389 - __main__ - INFO - Found 0 emails to process
2025-02-05 11:58:38,392 - __main__ - INFO - Results saved successfully to data/processed/email_analysis.csv
2025-02-05 11:58:38,394 - __main__ - INFO - Dashboard launched successfully
2025-02-05 12:10:50,185 - __main__ - INFO - Configuration loaded successfully
2025-02-05 12:10:54,665 - __main__ - INFO - All extractors initialized successfully
2025-02-05 12:10:54,666 - __main__ - INFO - Starting email processing from directory: data/raw
2025-02-05 12:10:54,667 - __main__ - INFO - Found 0 emails to process
2025-02-05 12:10:54,669 - __main__ - INFO - Results saved successfully to data/processed/email_analysis.csv
2025-02-05 12:10:54,672 - __main__ - INFO - Dashboard launched successfully
2025-02-05 12:12:11,368 - __main__ - INFO - Configuration loaded successfully
2025-02-05 12:12:20,441 - __main__ - INFO - All extractors initialized successfully
2025-02-05 12:12:20,442 - __main__ - INFO - Starting email processing from directory: data/raw
2025-02-05 12:12:20,442 - __main__ - INFO - Found 0 emails to process
2025-02-05 12:12:20,450 - __main__ - INFO - Results saved successfully to data/processed/email_analysis.csv
2025-02-05 12:12:20,452 - __main__ - INFO - Dashboard launched successfully
2025-02-05 12:17:13,602 - __main__ - INFO - Configuration loaded successfully
2025-02-05 12:17:19,902 - __main__ - INFO - All extractors initialized successfully
2025-02-05 12:17:19,903 - __main__ - INFO - Starting email processing from directory: data/raw
2025-02-05 12:17:19,932 - src.email_parser - ERROR - Error parsing email data/raw/Subin sent a message.eml: 'NoneType' object has no attribute 'decode'
2025-02-05 12:17:19,932 - __main__ - INFO - Found 5 emails to process
2025-02-05 12:17:19,932 - __main__ - INFO - Processing email 1/5
2025-02-05 12:17:20,541 - src.extractors.sentiment_analyzer - ERROR - Error in sentiment analysis: 'str' object has no attribute 'get'
2025-02-05 12:17:20,666 - src.extractors.topic_analyzer - ERROR - Error extracting key phrases: max_df corresponds to < documents than min_df
2025-02-05 12:17:20,686 - __main__ - INFO - Processing email 2/5
2025-02-05 12:17:21,749 - src.extractors.sentiment_analyzer - ERROR - Error in sentiment analysis: 'str' object has no attribute 'get'
2025-02-05 12:17:22,652 - src.extractors.topic_analyzer - ERROR - Error extracting key phrases: max_df corresponds to < documents than min_df
2025-02-05 12:17:22,824 - __main__ - INFO - Processing email 3/5
2025-02-05 12:17:23,048 - src.extractors.sentiment_analyzer - ERROR - Error in sentiment analysis: 'str' object has no attribute 'get'
2025-02-05 12:17:23,181 - src.extractors.topic_analyzer - ERROR - Error extracting key phrases: max_df corresponds to < documents than min_df
2025-02-05 12:17:23,204 - __main__ - INFO - Processing email 4/5
2025-02-05 12:17:23,422 - src.extractors.sentiment_analyzer - ERROR - Error in sentiment analysis: 'str' object has no attribute 'get'
2025-02-05 12:17:23,528 - src.extractors.topic_analyzer - ERROR - Error extracting key phrases: max_df corresponds to < documents than min_df
2025-02-05 12:17:23,541 - __main__ - INFO - Processing email 5/5
2025-02-05 12:17:23,631 - src.extractors.sentiment_analyzer - ERROR - Error in sentiment analysis: 'str' object has no attribute 'get'
2025-02-05 12:17:23,687 - src.extractors.topic_analyzer - ERROR - Error extracting key phrases: max_df corresponds to < documents than min_df
2025-02-05 12:17:23,707 - __main__ - INFO - Results saved successfully to data/processed/email_analysis.csv
2025-02-05 12:17:23,708 - __main__ - INFO - Dashboard launched successfully
2025-02-05 12:19:44,542 - __main__ - INFO - Configuration loaded successfully
2025-02-05 12:19:50,880 - __main__ - INFO - All extractors initialized successfully
2025-02-05 12:19:50,880 - __main__ - INFO - Starting email processing from directory: data/raw
2025-02-05 12:19:50,912 - src.email_parser - ERROR - Error parsing email data/raw/Subin sent a message.eml: 'NoneType' object has no attribute 'decode'
2025-02-05 12:19:50,913 - __main__ - INFO - Found 5 emails to process
2025-02-05 12:19:50,913 - __main__ - INFO - Processing email 1/5
2025-02-05 12:19:51,449 - src.extractors.sentiment_analyzer - ERROR - Error in sentiment analysis: 'str' object has no attribute 'get'
2025-02-05 12:19:51,577 - src.extractors.topic_analyzer - ERROR - Error extracting key phrases: max_df corresponds to < documents than min_df
2025-02-05 12:19:51,603 - __main__ - INFO - Processing email 2/5
2025-02-05 12:19:52,651 - src.extractors.sentiment_analyzer - ERROR - Error in sentiment analysis: 'str' object has no attribute 'get'
2025-02-05 12:19:53,519 - src.extractors.topic_analyzer - ERROR - Error extracting key phrases: max_df corresponds to < documents than min_df
2025-02-05 12:19:53,700 - __main__ - INFO - Processing email 3/5
2025-02-05 12:19:53,928 - src.extractors.sentiment_analyzer - ERROR - Error in sentiment analysis: 'str' object has no attribute 'get'
2025-02-05 12:19:54,066 - src.extractors.topic_analyzer - ERROR - Error extracting key phrases: max_df corresponds to < documents than min_df
2025-02-05 12:19:54,088 - __main__ - INFO - Processing email 4/5
2025-02-05 12:19:54,291 - src.extractors.sentiment_analyzer - ERROR - Error in sentiment analysis: 'str' object has no attribute 'get'
2025-02-05 12:19:54,400 - src.extractors.topic_analyzer - ERROR - Error extracting key phrases: max_df corresponds to < documents than min_df
2025-02-05 12:19:54,416 - __main__ - INFO - Processing email 5/5
2025-02-05 12:19:54,513 - src.extractors.sentiment_analyzer - ERROR - Error in sentiment analysis: 'str' object has no attribute 'get'
2025-02-05 12:19:54,572 - src.extractors.topic_analyzer - ERROR - Error extracting key phrases: max_df corresponds to < documents than min_df
2025-02-05 12:19:54,591 - __main__ - INFO - Results saved successfully to data/processed/email_analysis.csv
2025-02-05 12:19:54,593 - __main__ - INFO - Dashboard launched successfully
2025-02-05 12:28:18,156 - __main__ - INFO - Configuration loaded successfully
2025-02-05 12:28:29,071 - __main__ - INFO - All extractors initialized successfully
2025-02-05 12:28:29,072 - __main__ - INFO - Starting email processing from directory: data/raw
2025-02-05 12:28:29,122 - src.email_parser - ERROR - Error parsing email data/raw/Subin sent a message.eml: 'NoneType' object has no attribute 'decode'
2025-02-05 12:28:29,123 - __main__ - INFO - Found 5 emails to process
2025-02-05 12:28:29,123 - __main__ - INFO - Processing email 1/5
2025-02-05 12:28:31,237 - src.extractors.sentiment_analyzer - ERROR - Error in sentiment analysis: 'str' object has no attribute 'get'
2025-02-05 12:28:31,531 - src.extractors.topic_analyzer - ERROR - Error extracting key phrases: max_df corresponds to < documents than min_df
2025-02-05 12:28:31,564 - __main__ - INFO - Processing email 2/5
2025-02-05 12:28:36,066 - src.extractors.sentiment_analyzer - ERROR - Error in sentiment analysis: 'str' object has no attribute 'get'
2025-02-05 12:28:38,160 - src.extractors.topic_analyzer - ERROR - Error extracting key phrases: max_df corresponds to < documents than min_df
2025-02-05 12:28:38,373 - __main__ - INFO - Processing email 3/5
2025-02-05 12:28:38,718 - src.extractors.sentiment_analyzer - ERROR - Error in sentiment analysis: 'str' object has no attribute 'get'
2025-02-05 12:28:38,907 - src.extractors.topic_analyzer - ERROR - Error extracting key phrases: max_df corresponds to < documents than min_df
2025-02-05 12:28:38,935 - __main__ - INFO - Processing email 4/5
2025-02-05 12:28:39,181 - src.extractors.sentiment_analyzer - ERROR - Error in sentiment analysis: 'str' object has no attribute 'get'
2025-02-05 12:28:39,305 - src.extractors.topic_analyzer - ERROR - Error extracting key phrases: max_df corresponds to < documents than min_df
2025-02-05 12:28:39,324 - __main__ - INFO - Processing email 5/5
2025-02-05 12:28:39,430 - src.extractors.sentiment_analyzer - ERROR - Error in sentiment analysis: 'str' object has no attribute 'get'
2025-02-05 12:28:39,498 - src.extractors.topic_analyzer - ERROR - Error extracting key phrases: max_df corresponds to < documents than min_df
2025-02-05 12:28:39,525 - __main__ - INFO - Results saved successfully to data/processed/email_analysis.csv
2025-02-05 12:28:39,527 - __main__ - INFO - Dashboard launched successfully
